nohup: ignoring input

> dim_reduction@0.1.0 serve
> vue-cli-service serve

 INFO  Starting development server...
[3%] setup (watch run)
[2K[1A[2K[G[3%] setup (watch run ESLintWebpackPlugin_1)
[2K[1A[2K[G[3%] setup (watch run webpack-dev-middleware)
[2K[1A[2K[G[3%] setup (watch run)
[2K[1A[2K[G[4%] setup (normal module factory)
[2K[1A[2K[G[4%] setup (normal module factory CaseSensitivePathsPlugin)
[2K[1A[2K[G[4%] setup (normal module factory)
[2K[1A[2K[G[5%] setup (context module factory)
[2K[1A[2K[G[6%] setup (before compile)
[2K[1A[2K[G[6%] setup (before compile ProgressPlugin)
[2K[1A[2K[G[6%] setup (before compile)
[2K[1A[2K[G[7%] setup (compile)
[2K[1A[2K[G[7%] setup (compile ExternalsPlugin)
[2K[1A[2K[G[7%] setup (compile)
[2K[1A[2K[G[8%] setup (compilation)
[2K[1A[2K[G[8%] setup (compilation HtmlWebpackPlugin)
[2K[1A[2K[G[8%] setup (compilation CopyPlugin)
[2K[1A[2K[G[8%] setup (compilation ArrayPushCallbackChunkFormatPlugin)
[2K[1A[2K[G[8%] setup (compilation JsonpChunkLoadingPlugin)
[2K[1A[2K[G[8%] setup (compilation StartupChunkDependenciesPlugin)
[2K[1A[2K[G[8%] setup (compilation ImportScriptsChunkLoadingPlugin)
[2K[1A[2K[G[8%] setup (compilation WorkerPlugin)
[2K[1A[2K[G[8%] setup (compilation SplitChunksPlugin)
[2K[1A[2K[G[8%] setup (compilation ResolverCachePlugin)
[2K[1A[2K[G[8%] setup (compilation)
[2K[1A[2K[G[9%] setup (compilation)
[2K[1A[2K[G[9%] setup (compilation vue-loader-plugin)
[2K[1A[2K[G[9%] setup (compilation DefinePlugin)
[2K[1A[2K[G[9%] setup (compilation ProgressPlugin)
[2K[1A[2K[G[9%] setup (compilation EntryPlugin)
[2K[1A[2K[G[9%] setup (compilation ChunkPrefetchPreloadPlugin)
[2K[1A[2K[G[9%] setup (compilation ModuleInfoHeaderPlugin)
[2K[1A[2K[G[9%] setup (compilation EvalSourceMapDevToolPlugin)
[2K[1A[2K[G[9%] setup (compilation JavascriptModulesPlugin)
[2K[1A[2K[G[9%] setup (compilation JsonModulesPlugin)
[2K[1A[2K[G[9%] setup (compilation AssetModulesPlugin)
[2K[1A[2K[G[9%] setup (compilation EntryPlugin)
[2K[1A[2K[G[9%] setup (compilation RuntimePlugin)
[2K[1A[2K[G[9%] setup (compilation InferAsyncModulesPlugin)
[2K[1A[2K[G[9%] setup (compilation DataUriPlugin)
[2K[1A[2K[G[9%] setup (compilation FileUriPlugin)
[2K[1A[2K[G[9%] setup (compilation CompatibilityPlugin)
[2K[1A[2K[G[9%] setup (compilation HarmonyModulesPlugin)
[2K[1A[2K[G[9%] setup (compilation AMDPlugin)
[2K[1A[2K[G[9%] setup (compilation RequireJsStuffPlugin)
[2K[1A[2K[G[9%] setup (compilation CommonJsPlugin)
[2K[1A[2K[G[9%] setup (compilation LoaderPlugin)
[2K[1A[2K[G[9%] setup (compilation NodeStuffPlugin)
[2K[1A[2K[G[9%] setup (compilation APIPlugin)
[2K[1A[2K[G[9%] setup (compilation ExportsInfoApiPlugin)
[2K[1A[2K[G[9%] setup (compilation WebpackIsIncludedPlugin)
[2K[1A[2K[G[9%] setup (compilation ConstPlugin)
[2K[1A[2K[G[9%] setup (compilation UseStrictPlugin)
[2K[1A[2K[G[9%] setup (compilation RequireIncludePlugin)
[2K[1A[2K[G[9%] setup (compilation RequireEnsurePlugin)
[2K[1A[2K[G[9%] setup (compilation RequireContextPlugin)
[2K[1A[2K[G[9%] setup (compilation ImportPlugin)
[2K[1A[2K[G[9%] setup (compilation ImportMetaContextPlugin)
[2K[1A[2K[G[9%] setup (compilation SystemPlugin)
[2K[1A[2K[G[9%] setup (compilation ImportMetaPlugin)
[2K[1A[2K[G[9%] setup (compilation URLPlugin)
[2K[1A[2K[G[9%] setup (compilation DefaultStatsFactoryPlugin)
[2K[1A[2K[G[9%] setup (compilation DefaultStatsPresetPlugin)
[2K[1A[2K[G[9%] setup (compilation DefaultStatsPrinterPlugin)
[2K[1A[2K[G[9%] setup (compilation JavascriptMetaInfoPlugin)
[2K[1A[2K[G[9%] setup (compilation EnsureChunkConditionsPlugin)
[2K[1A[2K[G[9%] setup (compilation RemoveEmptyChunksPlugin)
[2K[1A[2K[G[9%] setup (compilation MergeDuplicateChunksPlugin)
[2K[1A[2K[G[9%] setup (compilation SideEffectsFlagPlugin)
[2K[1A[2K[G[9%] setup (compilation FlagDependencyExportsPlugin)
[2K[1A[2K[G[9%] setup (compilation NamedModuleIdsPlugin)
[2K[1A[2K[G[9%] setup (compilation NamedChunkIdsPlugin)
[2K[1A[2K[G[9%] setup (compilation DefinePlugin)
[2K[1A[2K[G[9%] setup (compilation TemplatedPathPlugin)
[2K[1A[2K[G[9%] setup (compilation RecordIdsPlugin)
[2K[1A[2K[G[9%] setup (compilation WarnCaseSensitiveModulesPlugin)
[2K[1A[2K[G[9%] setup (compilation EntryPlugin)
[2K[1A[2K[G[9%] setup (compilation ProvidePlugin)
[2K[1A[2K[G[9%] setup (compilation HotModuleReplacementPlugin)
[2K[1A[2K[G[9%] setup (compilation ProgressPlugin)
[2K[1A[2K[G[9%] setup (compilation ESLintWebpackPlugin_1)
[2K[1A[2K[G[9%] setup (compilation)
[2K[1A[2K[G[10%] building 
[2K[1A[2K[G[10%] building (0/0 modules)
[2K[1A[2K[G[10%] building (import loader babel-loader/lib/index.js)
[2K[1A[2K[G[10%] building (0/1 modules)
[2K[1A[2K[G[24%] building (1/4 modules)
[2K[1A[2K[G[24%] building (import loader @vue/vue-loader-v15/lib/index.js)
[2K[1A[2K[G[24%] building (6/18 modules)
[2K[1A[2K[G[24%] building (import loader vue-style-loader/index.js)
[2K[1A[2K[G[24%] building (import loader css-loader/dist/cjs.js)
[2K[1A[2K[G[24%] building (import loader postcss-loader/dist/cjs.js)
[2K[1A[2K[G[24%] building (7/34 modules)
[2K[1A[2K[G[24%] building (import loader @vue/vue-loader-v15/lib/loaders/pitcher.js)
[2K[1A[2K[G[24%] building (7/36 modules)
[2K[1A[2K[G[24%] building (import loader @vue/vue-loader-v15/lib/loaders/templateLoader.js)
[2K[1A[2K[G[24%] building (7/36 modules)
[2K[1A[2K[G[24%] building (import loader @vue/vue-loader-v15/lib/loaders/stylePostLoader.js
)
[2K[1A[2K[1A[2K[G[24%] building (9/69 modules)
[2K[1A[2K[G[24%] building (12/73 modules)
[2K[1A[2K[G[24%] building (24/116 modules)
[2K[1A[2K[G[38%] building (56/183 modules)
[2K[1A[2K[G[38%] building (94/264 modules)
[2K[1A[2K[G[38%] building (152/287 modules)
[2K[1A[2K[G[38%] building (220/376 modules)
[2K[1A[2K[G[51%] building (261/402 modules)
[2K[1A[2K[G[51%] building (285/501 modules)
[2K[1A[2K[G[51%] building (299/643 modules)
[2K[1A[2K[G[51%] building (340/761 modules)
[2K[1A[2K[G[51%] building (352/786 modules)
[2K[1A[2K[G[51%] building (398/826 modules)
[2K[1A[2K[G[51%] building (451/908 modules)
[2K[1A[2K[G[51%] building (452/1100 modules)
[2K[1A[2K[G[51%] building (500/1266 modules)
[2K[1A[2K[G[51%] building (600/1337 modules)
[2K[1A[2K[G[51%] building (696/1412 modules)
[2K[1A[2K[G[51%] building (832/1514 modules)
[2K[1A[2K[G[51%] building (929/2138 modules)
[2K[1A[2K[G[51%] building (1317/2331 modules)
[2K[1A[2K[G[51%] building (1333/2400 modules)
[2K[1A[2K[G[51%] building (1697/2637 modules)
[2K[1A[2K[G[51%] building (1737/2674 modules)
[2K[1A[2K[G[51%] building (1786/2800 modules)
[2K[1A[2K[G[51%] building (2200/2958 modules)
[2K[1A[2K[G[51%] building (2388/2997 modules)
[2K[1A[2K[G[51%] building (2441/3090 modules)
[2K[1A[2K[G[51%] building (2677/3131 modules)
[2K[1A[2K[G[65%] building (3174/3174 modules)
[2K[1A[2K[G[65%] building 
[2K[1A[2K[G[69%] building (finish)
[2K[1A[2K[G[70%] sealing (finish module graph)
[2K[1A[2K[G[70%] sealing (finish module graph ResolverCachePlugin)
[2K[1A[2K[G[70%] sealing (finish module graph InferAsyncModulesPlugin)
[2K[1A[2K[G[70%] sealing (finish module graph FlagDependencyExportsPlugin)
[2K[1A[2K[G[70%] sealing (finish module graph ESLintWebpackPlugin_1)
[2K[1A[2K[G[70%] sealing (finish module graph)
[2K[1A[2K[G[71%] sealing (plugins)
[2K[1A[2K[G[71%] sealing (plugins WarnCaseSensitiveModulesPlugin)
[2K[1A[2K[G[71%] sealing (plugins)
[2K[1A[2K[G[71%] sealing (dependencies optimization)
[2K[1A[2K[G[71%] sealing (dependencies optimization SideEffectsFlagPlugin)
[2K[1A[2K[G[71%] sealing (dependencies optimization)
[2K[1A[2K[G[72%] sealing (after dependencies optimization)
[2K[1A[2K[G[73%] sealing (chunk graph)
[2K[1A[2K[G[73%] sealing (after chunk graph)
[2K[1A[2K[G[74%] sealing (optimizing)
[2K[1A[2K[G[74%] sealing (module optimization)
[2K[1A[2K[G[75%] sealing (after module optimization)
[2K[1A[2K[G[76%] sealing (chunk optimization)
[2K[1A[2K[G[76%] sealing (chunk optimization EnsureChunkConditionsPlugin)
[2K[1A[2K[G[76%] sealing (chunk optimization RemoveEmptyChunksPlugin)
[2K[1A[2K[G[76%] sealing (chunk optimization MergeDuplicateChunksPlugin)
[2K[1A[2K[G[76%] sealing (chunk optimization SplitChunksPlugin)
[2K[1A[2K[G[76%] sealing (chunk optimization RemoveEmptyChunksPlugin)
[2K[1A[2K[G[76%] sealing (chunk optimization)
[2K[1A[2K[G[76%] sealing (after chunk optimization)
[2K[1A[2K[G[77%] sealing (module and chunk tree optimization)
[2K[1A[2K[G[77%] sealing (module and chunk tree optimization PersistentChildCompilerSinglet
onPlugin)
[2K[1A[2K[1A[2K[G[77%] sealing (module and chunk tree optimization)
[2K[1A[2K[G[78%] sealing (after module and chunk tree optimization)
[2K[1A[2K[G[78%] sealing (chunk modules optimization)
[2K[1A[2K[G[79%] sealing (after chunk modules optimization)
[2K[1A[2K[G[80%] sealing (module reviving)
[2K[1A[2K[G[80%] sealing (module reviving RecordIdsPlugin)
[2K[1A[2K[G[80%] sealing (module reviving)
[2K[1A[2K[G[80%] sealing (before module ids)
[2K[1A[2K[G[81%] sealing (module ids)
[2K[1A[2K[G[81%] sealing (module ids NamedModuleIdsPlugin)
[2K[1A[2K[G[81%] sealing (module ids)
[2K[1A[2K[G[82%] sealing (module id optimization)
[2K[1A[2K[G[82%] sealing (module id optimization)
[2K[1A[2K[G[83%] sealing (chunk reviving)
[2K[1A[2K[G[83%] sealing (chunk reviving RecordIdsPlugin)
[2K[1A[2K[G[83%] sealing (chunk reviving)
[2K[1A[2K[G[83%] sealing (before chunk ids)
[2K[1A[2K[G[84%] sealing (chunk ids)
[2K[1A[2K[G[84%] sealing (chunk ids NamedChunkIdsPlugin)
[2K[1A[2K[G[84%] sealing (chunk ids)
[2K[1A[2K[G[85%] sealing (chunk id optimization)
[2K[1A[2K[G[85%] sealing (after chunk id optimization)
[2K[1A[2K[G[86%] sealing (record modules)
[2K[1A[2K[G[86%] sealing (record modules RecordIdsPlugin)
[2K[1A[2K[G[86%] sealing (record modules)
[2K[1A[2K[G[87%] sealing (record chunks)
[2K[1A[2K[G[87%] sealing (record chunks RecordIdsPlugin)
[2K[1A[2K[G[87%] sealing (record chunks)
[2K[1A[2K[G[87%] sealing (module hashing)
[2K[1A[2K[G[88%] sealing (code generation)
[2K[1A[2K[G[89%] sealing (runtime requirements)
[2K[1A[2K[G[89%] sealing (hashing)
[2K[1A[2K[G[90%] sealing (after hashing)
[2K[1A[2K[G[91%] sealing (record hash)
[2K[1A[2K[G[91%] sealing (module assets processing)
[2K[1A[2K[G[92%] sealing (chunk assets processing)
[2K[1A[2K[G[92%] sealing (asset processing)
[2K[1A[2K[G[92%] sealing (asset processing copy-webpack-plugin)
[2K[1A[2K[G[92%] sealing (asset processing HotModuleReplacementPlugin)
[2K[1A[2K[G[92%] sealing (asset processing ESLintWebpackPlugin_1)
[2K[1A[2K[G[92%] sealing (asset processing PersistentChildCompilerSingletonPlugin)
[2K[1A[2K[G[92%] sealing (asset processing HtmlWebpackPlugin)
[2K[1A[2K[G[92%] sealing (asset processing)
[2K[1A[2K[G[93%] sealing (after asset optimization)
[2K[1A[2K[G[94%] sealing (recording)
[2K[1A[2K[G[94%] sealing (recording HotModuleReplacementPlugin)
[2K[1A[2K[G[94%] sealing (recording)
[2K[1A[2K[G[94%] sealing (after seal)
[2K[1A[2K[G[95%] emitting (emit)
[2K[1A[2K[G[98%] emitting (after emit)
[2K[1A[2K[GBuild finished at 15:50:15 by 0.000s
[2K[1A[2K[GBuild finished at 15:50:15 by 0.000s
[2K[1A[2K[GBuild finished at 15:50:15 by 0.000s
[2K[1A[2K[G WARNING  Compiled with 1 warning3:50:15 PM

 warning  in ./src/components/InteractiveTutorials/PCAtutorial/lessons/PCAeig.vue?vue&type=script&lang=js

export 'cholesky' (imported as 'math') was not found in 'mathjs' (possible exports: AccessorNode, AccessorNodeDependencies, ArgumentsError, ArrayNode, ArrayNodeDependencies, AssignmentNode, AssignmentNodeDependencies, BigNumber, BigNumberDependencies, BlockNode, BlockNodeDependencies, Chain, ChainDependencies, Complex, ComplexDependencies, ConditionalNode, ConditionalNodeDependencies, ConstantNode, ConstantNodeDependencies, DenseMatrix, DenseMatrixDependencies, DimensionError, EDependencies, FibonacciHeap, FibonacciHeapDependencies, Fraction, FractionDependencies, FunctionAssignmentNode, FunctionAssignmentNodeDependencies, FunctionNode, FunctionNodeDependencies, Help, HelpDependencies, ImmutableDenseMatrix, ImmutableDenseMatrixDependencies, Index, IndexDependencies, IndexError, IndexNode, IndexNodeDependencies, InfinityDependencies, LN10, LN10Dependencies, LN2, LN2Dependencies, LOG10E, LOG10EDependencies, LOG2E, LOG2EDependencies, Matrix, MatrixDependencies, NaNDependencies, Node, NodeDependencies, ObjectNode, ObjectNodeDependencies, OperatorNode, OperatorNodeDependencies, PIDependencies, ParenthesisNode, ParenthesisNodeDependencies, Parser, ParserDependencies, Range, RangeDependencies, RangeNode, RangeNodeDependencies, RelationalNode, RelationalNodeDependencies, ResultSet, ResultSetDependencies, SQRT1_2, SQRT1_2Dependencies, SQRT2, SQRT2Dependencies, Spa, SpaDependencies, SparseMatrix, SparseMatrixDependencies, SymbolNode, SymbolNodeDependencies, Unit, UnitDependencies, _Infinity, _NaN, _false, _null, _true, abs, absDependencies, acos, acosDependencies, acosh, acoshDependencies, acot, acotDependencies, acoth, acothDependencies, acsc, acscDependencies, acsch, acschDependencies, add, addDependencies, addScalar, addScalarDependencies, all, and, andDependencies, andTransformDependencies, apply, arg, argDependencies, asec, asecDependencies, asech, asechDependencies, asin, asinDependencies, asinh, asinhDependencies, atan, atan2, atan2Dependencies, atanDependencies, atanh, atanhDependencies, atomicMass, atomicMassDependencies, avogadro, avogadroDependencies, bellNumbers, bellNumbersDependencies, bigint, bigintDependencies, bignumber, bignumberDependencies, bin, binDependencies, bitAnd, bitAndDependencies, bitAndTransformDependencies, bitNot, bitNotDependencies, bitOr, bitOrDependencies, bitOrTransformDependencies, bitXor, bitXorDependencies, bohrMagneton, bohrMagnetonDependencies, bohrRadius, bohrRadiusDependencies, boltzmann, boltzmannDependencies, boolean, booleanDependencies, catalan, catalanDependencies, cbrt, cbrtDependencies, ceil, ceilDependencies, chain, chainDependencies, classicalElectronRadius, classicalElectronRadiusDependencies, clone, cloneDependencies, column, columnDependencies, columnTransformDependencies, combinations, combinationsDependencies, combinationsWithRep, combinationsWithRepDependencies, compare, compareDependencies, compareNatural, compareNaturalDependencies, compareText, compareTextDependencies, compile, compileDependencies, complex, complexDependencies, composition, compositionDependencies, concat, concatDependencies, concatTransformDependencies, conductanceQuantum, conductanceQuantumDependencies, config, conj, conjDependencies, corr, corrDependencies, cos, cosDependencies, cosh, coshDependencies, cot, cotDependencies, coth, cothDependencies, coulomb, coulombDependencies, count, countDependencies, create, createAbs, createAccessorNode, createAcos, createAcosh, createAcot, createAcoth, createAcsc, createAcsch, createAdd, createAddScalar, createAnd, createAndTransform, createArg, createArrayNode, createAsec, createAsech, createAsin, createAsinh, createAssignmentNode, createAtan, createAtan2, createAtanh, createAtomicMass, createAvogadro, createBellNumbers, createBigNumberClass, createBigint, createBignumber, createBin, createBitAnd, createBitAndTransform, createBitNot, createBitOr, createBitOrTransform, createBitXor, createBlockNode, createBohrMagneton, createBohrRadius, createBoltzmann, createBoolean, createCatalan, createCbrt, createCeil, createChain, createChainClass, createClassicalElectronRadius, createClone, createColumn, createColumnTransform, createCombinations, createCombinationsWithRep, createCompare, createCompareNatural, createCompareText, createCompile, createComplex, createComplexClass, createComposition, createConcat, createConcatTransform, createConditionalNode, createConductanceQuantum, createConj, createConstantNode, createCorr, createCos, createCosh, createCot, createCoth, createCoulomb, createCount, createCreateUnit, createCross, createCsc, createCsch, createCtranspose, createCube, createCumSum, createCumSumTransform, createDeepEqual, createDenseMatrixClass, createDerivative, createDet, createDeuteronMass, createDiag, createDiff, createDiffTransform, createDistance, createDivide, createDivideScalar, createDot, createDotDivide, createDotMultiply, createDotPow, createE, createEfimovFactor, createEigs, createElectricConstant, createElectronMass, createElementaryCharge, createEqual, createEqualScalar, createEqualText, createErf, createEvaluate, createExp, createExpm, createExpm1, createFactorial, createFalse, createFaraday, createFermiCoupling, createFft, createFibonacciHeapClass, createFilter, createFilterTransform, createFineStructure, createFirstRadiation, createFix, createFlatten, createFloor, createForEach, createForEachTransform, createFormat, createFraction, createFractionClass, createFreqz, createFunctionAssignmentNode, createFunctionNode, createGamma, createGasConstant, createGcd, createGetMatrixDataType, createGravitationConstant, createGravity, createHartreeEnergy, createHasNumericValue, createHelp, createHelpClass, createHex, createHypot, createI, createIdentity, createIfft, createIm, createImmutableDenseMatrixClass, createIndex, createIndexClass, createIndexNode, createIndexTransform, createInfinity, createIntersect, createInv, createInverseConductanceQuantum, createInvmod, createIsInteger, createIsNaN, createIsNegative, createIsNumeric, createIsPositive, createIsPrime, createIsZero, createKldivergence, createKlitzing, createKron, createLN10, createLN2, createLOG10E, createLOG2E, createLarger, createLargerEq, createLcm, createLeafCount, createLeftShift, createLgamma, createLog, createLog10, createLog1p, createLog2, createLoschmidt, createLsolve, createLsolveAll, createLup, createLusolve, createLyap, createMad, createMagneticConstant, createMagneticFluxQuantum, createMap, createMapSlices, createMapSlicesTransform, createMapTransform, createMatrix, createMatrixClass, createMatrixFromColumns, createMatrixFromFunction, createMatrixFromRows, createMax, createMaxTransform, createMean, createMeanTransform, createMedian, createMin, createMinTransform, createMod, createMode, createMolarMass, createMolarMassC12, createMolarPlanckConstant, createMolarVolume, createMultinomial, createMultiply, createMultiplyScalar, createNaN, createNeutronMass, createNode, createNorm, createNot, createNthRoot, createNthRoots, createNuclearMagneton, createNull, createNumber, createNumeric, createObjectNode, createOct, createOnes, createOperatorNode, createOr, createOrTransform, createParenthesisNode, createParse, createParser, createParserClass, createPartitionSelect, createPermutations, createPhi, createPi, createPickRandom, createPinv, createPlanckCharge, createPlanckConstant, createPlanckLength, createPlanckMass, createPlanckTemperature, createPlanckTime, createPolynomialRoot, createPow, createPrint, createPrintTransform, createProd, createProtonMass, createQr, createQuantileSeq, createQuantileSeqTransform, createQuantumOfCirculation, createRandom, createRandomInt, createRange, createRangeClass, createRangeNode, createRangeTransform, createRationalize, createRe, createReducedPlanckConstant, createRelationalNode, createReplacer, createReshape, createResize, createResolve, createResultSet, createReviver, createRightArithShift, createRightLogShift, createRotate, createRotationMatrix, createRound, createRow, createRowTransform, createRydberg, createSQRT1_2, createSQRT2, createSackurTetrode, createSchur, createSec, createSech, createSecondRadiation, createSetCartesian, createSetDifference, createSetDistinct, createSetIntersect, createSetIsSubset, createSetMultiplicity, createSetPowerset, createSetSize, createSetSymDifference, createSetUnion, createSign, createSimplify, createSimplifyConstant, createSimplifyCore, createSin, createSinh, createSize, createSlu, createSmaller, createSmallerEq, createSolveODE, createSort, createSpaClass, createSparse, createSparseMatrixClass, createSpeedOfLight, createSplitUnit, createSqrt, createSqrtm, createSquare, createSqueeze, createStd, createStdTransform, createStefanBoltzmann, createStirlingS2, createString, createSubset, createSubsetTransform, createSubtract, createSubtractScalar, createSum, createSumTransform, createSylvester, createSymbolNode, createSymbolicEqual, createTan, createTanh, createTau, createThomsonCrossSection, createTo, createTrace, createTranspose, createTrue, createTypeOf, createTyped, createUnaryMinus, createUnaryPlus, createUnequal, createUnit, createUnitClass, createUnitDependencies, createUnitFunction, createUppercaseE, createUppercasePi, createUsolve, createUsolveAll, createVacuumImpedance, createVariance, createVarianceTransform, createVersion, createWeakMixingAngle, createWienDisplacement, createXgcd, createXor, createZeros, createZeta, createZpk2tf, cross, crossDependencies, csc, cscDependencies, csch, cschDependencies, ctranspose, ctransposeDependencies, cube, cubeDependencies, cumsum, cumsumDependencies, cumsumTransformDependencies, deepEqual, deepEqualDependencies, derivative, derivativeDependencies, det, detDependencies, deuteronMass, deuteronMassDependencies, diag, diagDependencies, diff, diffDependencies, diffTransformDependencies, distance, distanceDependencies, divide, divideDependencies, divideScalar, divideScalarDependencies, docs, dot, dotDependencies, dotDivide, dotDivideDependencies, dotMultiply, dotMultiplyDependencies, dotPow, dotPowDependencies, e, eDependencies, efimovFactor, efimovFactorDependencies, eigs, eigsDependencies, electricConstant, electricConstantDependencies, electronMass, electronMassDependencies, elementaryCharge, elementaryChargeDependencies, equal, equalDependencies, equalScalar, equalScalarDependencies, equalText, equalTextDependencies, erf, erfDependencies, evaluate, evaluateDependencies, exp, expDependencies, expm, expm1, expm1Dependencies, expmDependencies, factorial, factorialDependencies, factory, falseDependencies, faraday, faradayDependencies, fermiCoupling, fermiCouplingDependencies, fft, fftDependencies, filter, filterDependencies, filterTransformDependencies, fineStructure, fineStructureDependencies, firstRadiation, firstRadiationDependencies, fix, fixDependencies, flatten, flattenDependencies, floor, floorDependencies, forEach, forEachDependencies, forEachTransformDependencies, format, formatDependencies, fraction, fractionDependencies, freqz, freqzDependencies, gamma, gammaDependencies, gasConstant, gasConstantDependencies, gcd, gcdDependencies, getMatrixDataType, getMatrixDataTypeDependencies, gravitationConstant, gravitationConstantDependencies, gravity, gravityDependencies, hartreeEnergy, hartreeEnergyDependencies, hasNumericValue, hasNumericValueDependencies, help, helpDependencies, hex, hexDependencies, hypot, hypotDependencies, i, iDependencies, identity, identityDependencies, ifft, ifftDependencies, im, imDependencies, index, indexDependencies, indexTransformDependencies, intersect, intersectDependencies, inv, invDependencies, inverseConductanceQuantum, inverseConductanceQuantumDependencies, invmod, invmodDependencies, isAccessorNode, isArray, isArrayNode, isAssignmentNode, isBigInt, isBigNumber, isBlockNode, isBoolean, isChain, isCollection, isComplex, isConditionalNode, isConstantNode, isDate, isDenseMatrix, isFraction, isFunction, isFunctionAssignmentNode, isFunctionNode, isHelp, isIndex, isIndexNode, isInteger, isIntegerDependencies, isMap, isMatrix, isNaN, isNaNDependencies, isNegative, isNegativeDependencies, isNode, isNull, isNumber, isNumeric, isNumericDependencies, isObject, isObjectNode, isObjectWrappingMap, isOperatorNode, isParenthesisNode, isPartitionedMap, isPositive, isPositiveDependencies, isPrime, isPrimeDependencies, isRange, isRangeNode, isRegExp, isRelationalNode, isResultSet, isSparseMatrix, isString, isSymbolNode, isUndefined, isUnit, isZero, isZeroDependencies, kldivergence, kldivergenceDependencies, klitzing, klitzingDependencies, kron, kronDependencies, larger, largerDependencies, largerEq, largerEqDependencies, lcm, lcmDependencies, leafCount, leafCountDependencies, leftShift, leftShiftDependencies, lgamma, lgammaDependencies, log, log10, log10Dependencies, log1p, log1pDependencies, log2, log2Dependencies, logDependencies, loschmidt, loschmidtDependencies, lsolve, lsolveAll, lsolveAllDependencies, lsolveDependencies, lup, lupDependencies, lusolve, lusolveDependencies, lyap, lyapDependencies, mad, madDependencies, magneticConstant, magneticConstantDependencies, magneticFluxQuantum, magneticFluxQuantumDependencies, map, mapDependencies, mapSlices, mapSlicesDependencies, mapSlicesTransformDependencies, mapTransformDependencies, matrix, matrixDependencies, matrixFromColumns, matrixFromColumnsDependencies, matrixFromFunction, matrixFromFunctionDependencies, matrixFromRows, matrixFromRowsDependencies, max, maxDependencies, maxTransformDependencies, mean, meanDependencies, meanTransformDependencies, median, medianDependencies, min, minDependencies, minTransformDependencies, mod, modDependencies, mode, modeDependencies, molarMass, molarMassC12, molarMassC12Dependencies, molarMassDependencies, molarPlanckConstant, molarPlanckConstantDependencies, molarVolume, molarVolumeDependencies, multinomial, multinomialDependencies, multiply, multiplyDependencies, multiplyScalar, multiplyScalarDependencies, neutronMass, neutronMassDependencies, norm, normDependencies, not, notDependencies, nthRoot, nthRootDependencies, nthRoots, nthRootsDependencies, nuclearMagneton, nuclearMagnetonDependencies, nullDependencies, number, numberDependencies, numeric, numericDependencies, oct, octDependencies, ones, onesDependencies, or, orDependencies, orTransformDependencies, parse, parseDependencies, parser, parserDependencies, partitionSelect, partitionSelectDependencies, permutations, permutationsDependencies, phi, phiDependencies, pi, piDependencies, pickRandom, pickRandomDependencies, pinv, pinvDependencies, planckCharge, planckChargeDependencies, planckConstant, planckConstantDependencies, planckLength, planckLengthDependencies, planckMass, planckMassDependencies, planckTemperature, planckTemperatureDependencies, planckTime, planckTimeDependencies, polynomialRoot, polynomialRootDependencies, pow, powDependencies, print, printDependencies, printTransformDependencies, prod, prodDependencies, protonMass, protonMassDependencies, qr, qrDependencies, quantileSeq, quantileSeqDependencies, quantileSeqTransformDependencies, quantumOfCirculation, quantumOfCirculationDependencies, random, randomDependencies, randomInt, randomIntDependencies, range, rangeDependencies, rangeTransformDependencies, rationalize, rationalizeDependencies, re, reDependencies, reducedPlanckConstant, reducedPlanckConstantDependencies, replacer, replacerDependencies, reshape, reshapeDependencies, resize, resizeDependencies, resolve, resolveDependencies, reviver, reviverDependencies, rightArithShift, rightArithShiftDependencies, rightLogShift, rightLogShiftDependencies, rotate, rotateDependencies, rotationMatrix, rotationMatrixDependencies, round, roundDependencies, row, rowDependencies, rowTransformDependencies, rydberg, rydbergDependencies, sackurTetrode, sackurTetrodeDependencies, schur, schurDependencies, sec, secDependencies, sech, sechDependencies, secondRadiation, secondRadiationDependencies, setCartesian, setCartesianDependencies, setDifference, setDifferenceDependencies, setDistinct, setDistinctDependencies, setIntersect, setIntersectDependencies, setIsSubset, setIsSubsetDependencies, setMultiplicity, setMultiplicityDependencies, setPowerset, setPowersetDependencies, setSize, setSizeDependencies, setSymDifference, setSymDifferenceDependencies, setUnion, setUnionDependencies, sign, signDependencies, simplify, simplifyConstant, simplifyConstantDependencies, simplifyCore, simplifyCoreDependencies, simplifyDependencies, sin, sinDependencies, sinh, sinhDependencies, size, sizeDependencies, slu, sluDependencies, smaller, smallerDependencies, smallerEq, smallerEqDependencies, solveODE, solveODEDependencies, sort, sortDependencies, sparse, sparseDependencies, speedOfLight, speedOfLightDependencies, splitUnit, splitUnitDependencies, sqrt, sqrtDependencies, sqrtm, sqrtmDependencies, square, squareDependencies, squeeze, squeezeDependencies, std, stdDependencies, stdTransformDependencies, stefanBoltzmann, stefanBoltzmannDependencies, stirlingS2, stirlingS2Dependencies, string, stringDependencies, subset, subsetDependencies, subsetTransformDependencies, subtract, subtractDependencies, subtractScalar, subtractScalarDependencies, sum, sumDependencies, sumTransformDependencies, sylvester, sylvesterDependencies, symbolicEqual, symbolicEqualDependencies, tan, tanDependencies, tanh, tanhDependencies, tau, tauDependencies, thomsonCrossSection, thomsonCrossSectionDependencies, to, toDependencies, trace, traceDependencies, transpose, transposeDependencies, trueDependencies, typeOf, typeOfDependencies, typed, typedDependencies, unaryMinus, unaryMinusDependencies, unaryPlus, unaryPlusDependencies, unequal, unequalDependencies, unit, unitDependencies, usolve, usolveAll, usolveAllDependencies, usolveDependencies, vacuumImpedance, vacuumImpedanceDependencies, variance, varianceDependencies, varianceTransformDependencies, version, versionDependencies, weakMixingAngle, weakMixingAngleDependencies, wienDisplacement, wienDisplacementDependencies, xgcd, xgcdDependencies, xor, xorDependencies, zeros, zerosDependencies, zeta, zetaDependencies, zpk2tf, zpk2tfDependencies)

Build finished at 15:50:15 by 0.000s
[2K[1A[2K[G
  App running at:
  - Local:   http://localhost:7005/ 
  - Network: http://172.16.0.3:7005/

  Note that the development build is not optimized.
  To create a production build, run npm run build.

Build finished at 15:50:15 by 0.000s
[2K[1A[2K[GBuild finished at 15:50:15 by 0.000s
[2K[1A[2K[GBuild finished at 15:50:15 by 0.000s
[2K[1A[2K[GBuild finished at 15:50:15 by 0.000s
[2K[1A[2K[GBuild finished at 15:50:15 by 0.000s
[2K[1A[2K[GBuild finished at 15:50:15 by 0.000s
[2K[1A[2K[GBuild finished at 15:50:15 by 0.000s
[2K[1A[2K[GBuild finished at 15:50:15 by 0.000s
[2K[1A[2K[G